***************************** PARAMS ****************************
    DBSNP Database file: 
    Max cov to assemble: 100
    Error correction mode: f
    Subsample-rate for correction learning: 0.500000
    ErrorRate: EXACT (0)
    Num assembly rounds: 3
    Num reads to sample: 2000000
    Discordant read extract SD cutoff:  3.92
    Discordant cluster std-dev cutoff:  3.92
    Minimum number of reads for mate lookup 3
    LOD cutoff (non-REF):            8
    LOD cutoff (non-REF, at DBSNP):  6
    LOD somatic cutoff:              6
    LOD somatic cutoff (at DBSNP):   10
    BWA-MEM params:
      Gap open penalty: 32
      Gap extension penalty: 1
      Mismatch penalty: 18
      Aligment bandwidth: 1000
      Z-dropoff: 100
      Clip 3 penalty: 5
      Clip 5 penalty: 5
      Reseed trigger: 1.5
      Sequence match score: 2
*****************************************************************

BAM PARAMS FOR: n001--/cromwell-executions/svabaSomatic/1e678b03-f7b8-4703-87ee-084fcfd5b520/call-svabaCall/inputs/Users/dawsonet/sandbox/firecloud-tools/SvABA/../delly/ref.sorted.bam
@@@ READ GROUP ref Insert Size: 699.441(43.5123) [0.025%,97.5%] [602,797], Mean Coverage: 20 Read Length: 125 Max MapQ:60
 min_dscrd_size_for_variant 870
BAM PARAMS FOR: t000--/cromwell-executions/svabaSomatic/1e678b03-f7b8-4703-87ee-084fcfd5b520/call-svabaCall/inputs/Users/dawsonet/sandbox/firecloud-tools/SvABA/../delly/alt.sorted.bam
@@@ READ GROUP alt Insert Size: 820.546(343.917) [0.025%,97.5%] [459,2193], Mean Coverage: 16 Read Length: 125 Max MapQ:60
 min_dscrd_size_for_variant 2168
...min discordant-only variant size 2168
...found read length of 125. Min Overlap is 75
...max read MAPQ detected: 60

...calculated seed size for error rate of 0.000000 and read length 125 is 75
...loading the human reference sequence for BWA
